<?xml version="1.0" encoding="UTF-8"?>
<Site BuildName="Darwin-clang++"
	BuildStamp="20240828-0151-Experimental"
	Name="Elliotts-MacBook-Air.local"
	Generator="ctest-3.29.3"
	CompilerName="/usr/bin/clang++"
	CompilerVersion="15.0.0.15000309"
	OSName="macOS"
	Hostname="lawn-128-61-62-189.lawn.gatech.edu"
	OSRelease="14.4.1"
	OSVersion="23E224"
	OSPlatform="arm64"
	Is64Bits="1"
	VendorString="IBM"
	VendorID="IBM"
	FamilyID="16777228"
	ModelID="2"
	ProcessorCacheSize="131072"
	NumberOfLogicalCPU="8"
	NumberOfPhysicalCPU="8"
	TotalVirtualMemory="2048"
	TotalPhysicalMemory="16384"
	LogicalProcessorsPerPhysical="8"
	ProcessorClockFrequency="0"
	>
	<Testing>
		<StartDateTime>Aug 28 19:09 EDT</StartDateTime>
		<StartTestTime>1724886580</StartTestTime>
		<TestList/>
		<EndDateTime>Aug 28 19:09 EDT</EndDateTime>
		<EndTestTime>1724886580</EndTestTime>
		<ElapsedMinutes>0</ElapsedMinutes>
	</Testing>
</Site>
