<?xml version="1.0" encoding="UTF-8"?>
<Site BuildName="Darwin-clang++"
	BuildStamp="20240819-1922-Experimental"
	Name="Elliotts-MacBook-Air.local"
	Generator="ctest-3.29.3"
	CompilerName="/usr/bin/clang++"
	CompilerVersion="15.0.0.15000309"
	OSName="macOS"
	Hostname="lawn-143-215-89-56.lawn.gatech.edu"
	OSRelease="14.4.1"
	OSVersion="23E224"
	OSPlatform="arm64"
	Is64Bits="1"
	VendorString="IBM"
	VendorID="IBM"
	FamilyID="16777228"
	ModelID="2"
	ProcessorCacheSize="131072"
	NumberOfLogicalCPU="8"
	NumberOfPhysicalCPU="8"
	TotalVirtualMemory="3072"
	TotalPhysicalMemory="16384"
	LogicalProcessorsPerPhysical="8"
	ProcessorClockFrequency="0"
	>
	<Testing>
		<StartDateTime>Aug 19 19:19 EDT</StartDateTime>
		<StartTestTime>1724109562</StartTestTime>
		<TestList/>
		<EndDateTime>Aug 19 19:19 EDT</EndDateTime>
		<EndTestTime>1724109562</EndTestTime>
		<ElapsedMinutes>0</ElapsedMinutes>
	</Testing>
</Site>
